\BOOKMARK [1][-]{section.1}{\376\377\000I\000n\000l\000e\000i\000d\000i\000n\000g}{}% 1
\BOOKMARK [2][-]{subsection.1.1}{\376\377\000M\000o\000t\000i\000v\000a\000t\000i\000e\000\040\000e\000n\000\040\000O\000n\000d\000e\000r\000w\000e\000r\000p\000k\000e\000u\000z\000e}{section.1}% 2
\BOOKMARK [2][-]{subsection.1.2}{\376\377\000D\000o\000e\000l\000s\000t\000e\000l\000l\000i\000n\000g}{section.1}% 3
\BOOKMARK [2][-]{subsection.1.3}{\376\377\000D\000e\000\040\000U\000i\000t\000d\000a\000g\000i\000n\000g}{section.1}% 4
\BOOKMARK [2][-]{subsection.1.4}{\376\377\000L\000e\000e\000s\000w\000i\000j\000z\000e\000r}{section.1}% 5
\BOOKMARK [1][-]{section.2}{\376\377\000M\000e\000t\000h\000o\000d\000e\000\040\000v\000a\000n\000\040\000A\000a\000n\000p\000a\000k}{}% 6
\BOOKMARK [2][-]{subsection.2.1}{\376\377\000C\000o\000n\000c\000e\000p\000t\000:\000\040\000A\000l\000g\000e\000b\000r\000a\000\357\000s\000c\000h\000e\000\040\000\050\000E\000v\000e\000n\000t\000-\000B\000a\000s\000e\000d\000\051\000\040\000S\000i\000m\000u\000l\000a\000t\000i\000e}{section.2}% 7
\BOOKMARK [2][-]{subsection.2.2}{\376\377\000G\000e\000b\000r\000u\000i\000k\000t\000e\000\040\000T\000e\000c\000h\000n\000o\000l\000o\000g\000i\000e\000\353\000n}{section.2}% 8
\BOOKMARK [2][-]{subsection.2.3}{\376\377\000D\000a\000t\000a\000\040\000S\000t\000r\000u\000c\000t\000u\000u\000r\000\040\000e\000n\000\040\000K\000l\000a\000s\000s\000e\000n}{section.2}% 9
\BOOKMARK [2][-]{subsection.2.4}{\376\377\000K\000e\000r\000n\000a\000l\000g\000o\000r\000i\000t\000m\000e\000s\000:\000\040\000B\000e\000r\000e\000k\000e\000n\000e\000n\000\040\000v\000a\000n\000\040\000T\000i\000m\000e\000\040\000o\000f\000\040\000I\000m\000p\000a\000c\000t\000\040\000\050\000T\000O\000I\000\051}{section.2}% 10
\BOOKMARK [3][-]{subsubsection.2.4.1}{\376\377\000B\000a\000l\000-\000L\000i\000j\000n\000\040\000I\000n\000t\000e\000r\000a\000c\000t\000i\000e}{subsection.2.4}% 11
\BOOKMARK [3][-]{subsubsection.2.4.2}{\376\377\000B\000a\000l\000-\000B\000a\000l\000\040\000I\000n\000t\000e\000r\000a\000c\000t\000i\000e}{subsection.2.4}% 12
\BOOKMARK [3][-]{subsubsection.2.4.3}{\376\377\000B\000o\000t\000s\000i\000n\000g\000s\000a\000f\000h\000a\000n\000d\000e\000l\000i\000n\000g\000\040\000\050\000R\000e\000s\000p\000o\000n\000s\000e\000\051}{subsection.2.4}% 13
\BOOKMARK [1][-]{section.3}{\376\377\000H\000e\000t\000\040\000P\000r\000o\000d\000u\000c\000t\000:\000\040\000E\000n\000g\000i\000n\000e\000\040\000\046\000\040\000G\000a\000m\000e}{}% 14
\BOOKMARK [2][-]{subsection.3.1}{\376\377\000A\000r\000c\000h\000i\000t\000e\000c\000t\000u\000u\000r\000\040\000O\000v\000e\000r\000z\000i\000c\000h\000t}{section.3}% 15
\BOOKMARK [2][-]{subsection.3.2}{\376\377\000F\000u\000n\000c\000t\000i\000o\000n\000a\000l\000i\000t\000e\000i\000t\000e\000n\000\040\000P\000h\000y\000s\000i\000c\000s\000\040\000E\000n\000g\000i\000n\000e}{section.3}% 16
\BOOKMARK [2][-]{subsection.3.3}{\376\377\000F\000u\000n\000c\000t\000i\000o\000n\000a\000l\000i\000t\000e\000i\000t\000e\000n\000\040\000G\000a\000m\000e\000\040\000\050\000"\000O\000n\000e\000\040\000M\000o\000r\000e\000\040\000B\000r\000i\000c\000k\000\040\000C\000l\000o\000n\000e\000"\000\051}{section.3}% 17
\BOOKMARK [1][-]{section.4}{\376\377\000E\000v\000a\000l\000u\000a\000t\000i\000e}{}% 18
\BOOKMARK [2][-]{subsection.4.1}{\376\377\000M\000o\000g\000e\000l\000i\000j\000k\000h\000e\000d\000e\000n\000\040\000e\000n\000\040\000S\000t\000e\000r\000k\000e\000\040\000P\000u\000n\000t\000e\000n}{section.4}% 19
\BOOKMARK [2][-]{subsection.4.2}{\376\377\000B\000e\000p\000e\000r\000k\000i\000n\000g\000e\000n\000\040\000e\000n\000\040\000Z\000w\000a\000k\000k\000e\000\040\000P\000u\000n\000t\000e\000n}{section.4}% 20
\BOOKMARK [2][-]{subsection.4.3}{\376\377\000V\000e\000r\000g\000e\000l\000i\000j\000k\000i\000n\000g\000\040\000m\000e\000t\000\040\000T\000i\000j\000d\000s\000t\000a\000p\000-\000g\000e\000b\000a\000s\000e\000e\000r\000d\000e\000\040\000E\000n\000g\000i\000n\000e\000s}{section.4}% 21
\BOOKMARK [2][-]{subsection.4.4}{\376\377\000V\000o\000l\000d\000o\000e\000t\000\040\000h\000e\000t\000\040\000P\000r\000o\000d\000u\000c\000t\000\040\000a\000a\000n\000\040\000d\000e\000\040\000D\000o\000e\000l\000s\000t\000e\000l\000l\000i\000n\000g\000?}{section.4}% 22
\BOOKMARK [1][-]{section.5}{\376\377\000O\000n\000d\000e\000r\000v\000o\000n\000d\000e\000n\000\040\000P\000r\000o\000b\000l\000e\000m\000e\000n\000\040\000e\000n\000\040\000O\000p\000l\000o\000s\000s\000i\000n\000g\000e\000n}{}% 23
\BOOKMARK [1][-]{section.6}{\376\377\000L\000o\000g\000b\000o\000e\000k}{}% 24
\BOOKMARK [1][-]{section.7}{\376\377\000C\000o\000n\000c\000l\000u\000s\000i\000e}{}% 25
\BOOKMARK [2][-]{subsection.7.1}{\376\377\000S\000a\000m\000e\000n\000v\000a\000t\000t\000i\000n\000g\000\040\000R\000e\000s\000u\000l\000t\000a\000t\000e\000n}{section.7}% 26
\BOOKMARK [2][-]{subsection.7.2}{\376\377\000B\000e\000l\000a\000n\000g\000r\000i\000j\000k\000s\000t\000e\000\040\000L\000e\000e\000r\000p\000u\000n\000t\000e\000n}{section.7}% 27
\BOOKMARK [2][-]{subsection.7.3}{\376\377\000T\000o\000e\000k\000o\000m\000s\000t\000i\000g\000e\000\040\000V\000e\000r\000b\000e\000t\000e\000r\000i\000n\000g\000e\000n}{section.7}% 28
\BOOKMARK [1][-]{section*.7}{\376\377\000R\000e\000f\000e\000r\000e\000n\000t\000i\000e\000s}{}% 29
